2022-06-15 17:42:57,366 INFO org.hibernate.validator.internal.util.Version [background-preinit] HV000001: Hibernate Validator 6.2.0.Final
2022-06-15 17:42:57,379 INFO org.springframework.boot.StartupInfoLogger [restartedMain] Starting RapidappApplication using Java 11.0.9 on DESKTOP-AP8ADDD with PID 19376 (C:\Users\subha\OneDrive\Desktop\2022\Angular\rapidApp\target\classes started by subha in C:\Users\subha\OneDrive\Desktop\2022\Angular\rapidApp)
2022-06-15 17:42:57,382 DEBUG org.springframework.boot.StartupInfoLogger [restartedMain] Running with Spring Boot v2.6.1, Spring v5.3.13
2022-06-15 17:42:57,384 INFO org.springframework.boot.SpringApplication [restartedMain] No active profile set, falling back to default profiles: default
2022-06-15 17:42:57,495 INFO org.springframework.boot.logging.DeferredLog [restartedMain] Devtools property defaults active! Set 'spring.devtools.add-properties' to 'false' to disable
2022-06-15 17:42:57,496 INFO org.springframework.boot.logging.DeferredLog [restartedMain] For additional web related logging consider setting the 'logging.level.web' property to 'DEBUG'
2022-06-15 17:42:59,529 INFO org.springframework.data.repository.config.RepositoryConfigurationDelegate [restartedMain] Multiple Spring Data modules found, entering strict repository configuration mode!
2022-06-15 17:42:59,533 INFO org.springframework.data.repository.config.RepositoryConfigurationDelegate [restartedMain] Bootstrapping Spring Data JPA repositories in DEFAULT mode.
2022-06-15 17:42:59,845 INFO org.springframework.data.repository.config.RepositoryConfigurationDelegate [restartedMain] Finished Spring Data repository scanning in 300 ms. Found 9 JPA repository interfaces.
2022-06-15 17:42:59,861 INFO org.springframework.data.repository.config.RepositoryConfigurationDelegate [restartedMain] Multiple Spring Data modules found, entering strict repository configuration mode!
2022-06-15 17:42:59,863 INFO org.springframework.data.repository.config.RepositoryConfigurationDelegate [restartedMain] Bootstrapping Spring Data Redis repositories in DEFAULT mode.
2022-06-15 17:42:59,893 INFO org.springframework.data.repository.config.RepositoryConfigurationExtensionSupport [restartedMain] Spring Data Redis - Could not safely identify store assignment for repository candidate interface com.jst.rapidapp.repository.company.CompanyRepository. If you want this repository to be a Redis repository, consider annotating your entities with one of these annotations: org.springframework.data.redis.core.RedisHash (preferred), or consider extending one of the following types with your repository: org.springframework.data.keyvalue.repository.KeyValueRepository.
2022-06-15 17:42:59,895 INFO org.springframework.data.repository.config.RepositoryConfigurationExtensionSupport [restartedMain] Spring Data Redis - Could not safely identify store assignment for repository candidate interface com.jst.rapidapp.repository.item.ItemRepository. If you want this repository to be a Redis repository, consider annotating your entities with one of these annotations: org.springframework.data.redis.core.RedisHash (preferred), or consider extending one of the following types with your repository: org.springframework.data.keyvalue.repository.KeyValueRepository.
2022-06-15 17:42:59,896 INFO org.springframework.data.repository.config.RepositoryConfigurationExtensionSupport [restartedMain] Spring Data Redis - Could not safely identify store assignment for repository candidate interface com.jst.rapidapp.repository.lookup.LookupRepository. If you want this repository to be a Redis repository, consider annotating your entities with one of these annotations: org.springframework.data.redis.core.RedisHash (preferred), or consider extending one of the following types with your repository: org.springframework.data.keyvalue.repository.KeyValueRepository.
2022-06-15 17:42:59,896 INFO org.springframework.data.repository.config.RepositoryConfigurationExtensionSupport [restartedMain] Spring Data Redis - Could not safely identify store assignment for repository candidate interface com.jst.rapidapp.repository.module.AttributeRepository. If you want this repository to be a Redis repository, consider annotating your entities with one of these annotations: org.springframework.data.redis.core.RedisHash (preferred), or consider extending one of the following types with your repository: org.springframework.data.keyvalue.repository.KeyValueRepository.
2022-06-15 17:42:59,897 INFO org.springframework.data.repository.config.RepositoryConfigurationExtensionSupport [restartedMain] Spring Data Redis - Could not safely identify store assignment for repository candidate interface com.jst.rapidapp.repository.module.ModuleRepository. If you want this repository to be a Redis repository, consider annotating your entities with one of these annotations: org.springframework.data.redis.core.RedisHash (preferred), or consider extending one of the following types with your repository: org.springframework.data.keyvalue.repository.KeyValueRepository.
2022-06-15 17:42:59,897 INFO org.springframework.data.repository.config.RepositoryConfigurationExtensionSupport [restartedMain] Spring Data Redis - Could not safely identify store assignment for repository candidate interface com.jst.rapidapp.repository.product.ProductRepository. If you want this repository to be a Redis repository, consider annotating your entities with one of these annotations: org.springframework.data.redis.core.RedisHash (preferred), or consider extending one of the following types with your repository: org.springframework.data.keyvalue.repository.KeyValueRepository.
2022-06-15 17:42:59,898 INFO org.springframework.data.repository.config.RepositoryConfigurationExtensionSupport [restartedMain] Spring Data Redis - Could not safely identify store assignment for repository candidate interface com.jst.rapidapp.repository.role.RoleRepository. If you want this repository to be a Redis repository, consider annotating your entities with one of these annotations: org.springframework.data.redis.core.RedisHash (preferred), or consider extending one of the following types with your repository: org.springframework.data.keyvalue.repository.KeyValueRepository.
2022-06-15 17:42:59,906 INFO org.springframework.data.repository.config.RepositoryConfigurationExtensionSupport [restartedMain] Spring Data Redis - Could not safely identify store assignment for repository candidate interface com.jst.rapidapp.repository.transaction.TransactionRepository. If you want this repository to be a Redis repository, consider annotating your entities with one of these annotations: org.springframework.data.redis.core.RedisHash (preferred), or consider extending one of the following types with your repository: org.springframework.data.keyvalue.repository.KeyValueRepository.
2022-06-15 17:42:59,907 INFO org.springframework.data.repository.config.RepositoryConfigurationExtensionSupport [restartedMain] Spring Data Redis - Could not safely identify store assignment for repository candidate interface com.jst.rapidapp.repository.user.UserRepository. If you want this repository to be a Redis repository, consider annotating your entities with one of these annotations: org.springframework.data.redis.core.RedisHash (preferred), or consider extending one of the following types with your repository: org.springframework.data.keyvalue.repository.KeyValueRepository.
2022-06-15 17:42:59,907 INFO org.springframework.data.repository.config.RepositoryConfigurationDelegate [restartedMain] Finished Spring Data repository scanning in 30 ms. Found 0 Redis repository interfaces.
2022-06-15 17:43:01,399 INFO org.springframework.boot.web.embedded.tomcat.TomcatWebServer [restartedMain] Tomcat initialized with port(s): 8082 (http)
2022-06-15 17:43:01,415 INFO org.apache.juli.logging.DirectJDKLog [restartedMain] Initializing ProtocolHandler ["http-nio-8082"]
2022-06-15 17:43:01,415 INFO org.apache.juli.logging.DirectJDKLog [restartedMain] Starting service [Tomcat]
2022-06-15 17:43:01,415 INFO org.apache.juli.logging.DirectJDKLog [restartedMain] Starting Servlet engine: [Apache Tomcat/9.0.55]
2022-06-15 17:43:01,577 INFO org.apache.juli.logging.DirectJDKLog [restartedMain] Initializing Spring embedded WebApplicationContext
2022-06-15 17:43:01,577 INFO org.springframework.boot.web.servlet.context.ServletWebServerApplicationContext [restartedMain] Root WebApplicationContext: initialization completed in 4081 ms
2022-06-15 17:43:01,838 DEBUG org.springframework.web.filter.GenericFilterBean [restartedMain] Filter 'jwtAuthenticationFilter' configured for use
2022-06-15 17:43:02,463 INFO org.hibernate.jpa.internal.util.LogHelper [restartedMain] HHH000204: Processing PersistenceUnitInfo [name: default]
2022-06-15 17:43:02,573 INFO org.hibernate.Version [restartedMain] HHH000412: Hibernate ORM core version 5.6.1.Final
2022-06-15 17:43:02,801 INFO org.hibernate.annotations.common.reflection.java.JavaReflectionManager [restartedMain] HCANN000001: Hibernate Commons Annotations {5.1.2.Final}
2022-06-15 17:43:02,934 INFO com.zaxxer.hikari.HikariDataSource [restartedMain] HikariPool-1 - Starting...
2022-06-15 17:43:03,624 INFO com.zaxxer.hikari.HikariDataSource [restartedMain] HikariPool-1 - Start completed.
2022-06-15 17:43:03,663 INFO org.hibernate.dialect.Dialect [restartedMain] HHH000400: Using dialect: org.hibernate.dialect.MySQL8Dialect
2022-06-15 17:43:04,024 INFO org.hibernate.id.enhanced.TableGenerator [restartedMain] HHH000398: Explicit segment value for id generator [hibernate_sequences.sequence_name] suggested; using default [default]
2022-06-15 17:43:04,031 INFO org.hibernate.id.enhanced.TableGenerator [restartedMain] HHH000398: Explicit segment value for id generator [hibernate_sequences.sequence_name] suggested; using default [default]
2022-06-15 17:43:04,032 INFO org.hibernate.id.enhanced.TableGenerator [restartedMain] HHH000398: Explicit segment value for id generator [hibernate_sequences.sequence_name] suggested; using default [default]
2022-06-15 17:43:04,032 INFO org.hibernate.id.enhanced.TableGenerator [restartedMain] HHH000398: Explicit segment value for id generator [hibernate_sequences.sequence_name] suggested; using default [default]
2022-06-15 17:43:04,033 INFO org.hibernate.id.enhanced.TableGenerator [restartedMain] HHH000398: Explicit segment value for id generator [hibernate_sequences.sequence_name] suggested; using default [default]
2022-06-15 17:43:04,033 INFO org.hibernate.id.enhanced.TableGenerator [restartedMain] HHH000398: Explicit segment value for id generator [hibernate_sequences.sequence_name] suggested; using default [default]
2022-06-15 17:43:04,033 INFO org.hibernate.id.enhanced.TableGenerator [restartedMain] HHH000398: Explicit segment value for id generator [hibernate_sequences.sequence_name] suggested; using default [default]
2022-06-15 17:43:04,040 INFO org.hibernate.id.enhanced.TableGenerator [restartedMain] HHH000398: Explicit segment value for id generator [hibernate_sequences.sequence_name] suggested; using default [default]
2022-06-15 17:43:04,041 INFO org.hibernate.id.enhanced.TableGenerator [restartedMain] HHH000398: Explicit segment value for id generator [hibernate_sequences.sequence_name] suggested; using default [default]
2022-06-15 17:43:04,280 INFO com.vladmihalcea.hibernate.type.util.Configuration [restartedMain] This framework is proudly powered by:

>>>>>>>>>>>>>>>>>>>>>>>>>>>>>>>>>>>>>>>>>>>>>>>>>>>>>>>>>>>>>>>>
 _    _                           _     _
| |  | |                         (_)   | |
| |__| |_   _ _ __   ___ _ __ ___ _ ___| |_ ___ _ __   ___ ___
|  __  | | | | '_ \ / _ \ '__/ __| / __| __/ _ \ '_ \ / __/ _ \
| |  | | |_| | |_) |  __/ |  \__ \ \__ \ ||  __/ | | | (_|  __/
|_|  |_|\__, | .__/ \___|_|  |___/_|___/\__\___|_| |_|\___\___|
         __/ | |
        |___/|_|

At Hypersistence, we only build amazing tools, like Hibernate Types, Flexy Pool, or Hypersistence Optimizer.

What if there were a tool that could automatically detect JPA and Hibernate performance issues?

Hypersistence Optimizer is that tool! For more details, go to: 

https://vladmihalcea.com/hypersistence-optimizer/
<<<<<<<<<<<<<<<<<<<<<<<<<<<<<<<<<<<<<<<<<<<<<<<<<<<<<<<<<<<<<<<<

2022-06-15 17:43:05,006 DEBUG org.hibernate.engine.jdbc.spi.SqlStatementLogger [restartedMain] alter table product_master add column item_class_id bigint not null
2022-06-15 17:43:05,006 DEBUG org.hibernate.engine.jdbc.spi.SqlStatementLogger [restartedMain] alter table product_master add column item_class_id bigint not null
2022-06-15 17:43:05,171 DEBUG org.hibernate.engine.jdbc.spi.SqlStatementLogger [restartedMain] alter table product_master add column item_qty double precision not null
2022-06-15 17:43:05,171 DEBUG org.hibernate.engine.jdbc.spi.SqlStatementLogger [restartedMain] alter table product_master add column item_qty double precision not null
2022-06-15 17:43:05,213 DEBUG org.hibernate.engine.jdbc.spi.SqlStatementLogger [restartedMain] alter table product_master add column on_stock double precision not null
2022-06-15 17:43:05,213 DEBUG org.hibernate.engine.jdbc.spi.SqlStatementLogger [restartedMain] alter table product_master add column on_stock double precision not null
2022-06-15 17:43:05,250 DEBUG org.hibernate.engine.jdbc.spi.SqlStatementLogger [restartedMain] alter table product_master add column product_id bigint not null
2022-06-15 17:43:05,250 DEBUG org.hibernate.engine.jdbc.spi.SqlStatementLogger [restartedMain] alter table product_master add column product_id bigint not null
2022-06-15 17:43:05,299 DEBUG org.hibernate.engine.jdbc.spi.SqlStatementLogger [restartedMain] alter table product_master add column shadow_stock_in double precision not null
2022-06-15 17:43:05,299 DEBUG org.hibernate.engine.jdbc.spi.SqlStatementLogger [restartedMain] alter table product_master add column shadow_stock_in double precision not null
2022-06-15 17:43:05,333 DEBUG org.hibernate.engine.jdbc.spi.SqlStatementLogger [restartedMain] alter table product_master add column shadow_stock_out double precision not null
2022-06-15 17:43:05,333 DEBUG org.hibernate.engine.jdbc.spi.SqlStatementLogger [restartedMain] alter table product_master add column shadow_stock_out double precision not null
2022-06-15 17:43:05,391 INFO org.hibernate.engine.transaction.jta.platform.internal.JtaPlatformInitiator [restartedMain] HHH000490: Using JtaPlatform implementation: [org.hibernate.engine.transaction.jta.platform.internal.NoJtaPlatform]
2022-06-15 17:43:05,400 INFO org.springframework.orm.jpa.AbstractEntityManagerFactoryBean [restartedMain] Initialized JPA EntityManagerFactory for persistence unit 'default'
2022-06-15 17:43:06,152 WARN org.springframework.boot.autoconfigure.orm.jpa.JpaBaseConfiguration$JpaWebConfiguration [restartedMain] spring.jpa.open-in-view is enabled by default. Therefore, database queries may be performed during view rendering. Explicitly configure spring.jpa.open-in-view to disable this warning
2022-06-15 17:43:06,962 INFO org.springframework.security.web.DefaultSecurityFilterChain [restartedMain] Will secure Ant [pattern='/v3/api-docs/**'] with []
2022-06-15 17:43:06,963 INFO org.springframework.security.web.DefaultSecurityFilterChain [restartedMain] Will secure Ant [pattern='/swagger-ui.html'] with []
2022-06-15 17:43:06,963 INFO org.springframework.security.web.DefaultSecurityFilterChain [restartedMain] Will secure Ant [pattern='/swagger-ui/**'] with []
2022-06-15 17:43:08,194 INFO org.springframework.boot.actuate.endpoint.web.EndpointLinksResolver [restartedMain] Exposing 1 endpoint(s) beneath base path '/actuator'
2022-06-15 17:43:08,241 INFO org.springframework.security.web.DefaultSecurityFilterChain [restartedMain] Will secure any request with [org.springframework.security.web.context.request.async.WebAsyncManagerIntegrationFilter@556fbf4, org.springframework.security.web.context.SecurityContextPersistenceFilter@6fafa479, org.springframework.security.web.header.HeaderWriterFilter@73137280, org.springframework.web.filter.CorsFilter@70717d25, org.springframework.security.web.authentication.logout.LogoutFilter@77ef13cf, com.jst.rapidapp.configurations.JwtAuthenticationFilter@4cf25442, org.springframework.security.web.savedrequest.RequestCacheAwareFilter@69aeb869, org.springframework.security.web.servletapi.SecurityContextHolderAwareRequestFilter@38a43547, org.springframework.security.web.authentication.AnonymousAuthenticationFilter@2e199bf7, org.springframework.security.web.session.SessionManagementFilter@100afe7, org.springframework.security.web.access.ExceptionTranslationFilter@1d11f78d, org.springframework.security.web.access.intercept.FilterSecurityInterceptor@26d6cd75]
2022-06-15 17:43:09,055 INFO org.springframework.boot.devtools.autoconfigure.OptionalLiveReloadServer [restartedMain] LiveReload server is running on port 35729
2022-06-15 17:43:09,087 INFO org.apache.juli.logging.DirectJDKLog [restartedMain] Starting ProtocolHandler ["http-nio-8082"]
2022-06-15 17:43:09,135 INFO org.springframework.boot.web.embedded.tomcat.TomcatWebServer [restartedMain] Tomcat started on port(s): 8082 (http) with context path ''
2022-06-15 17:43:09,173 INFO org.springframework.boot.StartupInfoLogger [restartedMain] Started RapidappApplication in 12.614 seconds (JVM running for 14.039)
2022-06-15 17:45:10,045 INFO org.apache.juli.logging.DirectJDKLog [http-nio-8082-exec-1] Initializing Spring DispatcherServlet 'dispatcherServlet'
2022-06-15 17:45:10,045 INFO org.springframework.web.servlet.FrameworkServlet [http-nio-8082-exec-1] Initializing Servlet 'dispatcherServlet'
2022-06-15 17:45:10,048 INFO org.springframework.web.servlet.FrameworkServlet [http-nio-8082-exec-1] Completed initialization in 3 ms
2022-06-15 17:45:10,259 WARN org.springframework.web.servlet.handler.AbstractHandlerExceptionResolver [http-nio-8082-exec-1] Resolved [org.springframework.http.converter.HttpMessageNotReadableException: JSON parse error: Unexpected character ('}' (code 125)): was expecting double-quote to start field name; nested exception is com.fasterxml.jackson.core.JsonParseException: Unexpected character ('}' (code 125)): was expecting double-quote to start field name<LF> at [Source: (PushbackInputStream); line: 5, column: 2]]
2022-06-15 17:45:15,851 INFO com.jst.rapidapp.utils.aop.AOPUtility [http-nio-8082-exec-4] #ReqProcessStart =>ResponseEntity com.jst.rapidapp.controllers.item.ItemController.saveItemMaster(ItemMaster)#Params => [ItemMaster(itemId=3, itemClassId=0, productId=0, branchId=5, cost=0.0, sellingPrice=0.0, itemQty=0.0, onStock=0.0, shadowStockIn=0.0, shadowStockOut=0.0, status=null, statusDate=null, createdBy=Subha, createdDate=null)]
2022-06-15 17:45:15,947 DEBUG org.hibernate.engine.jdbc.spi.SqlStatementLogger [http-nio-8082-exec-4] select itemmaster0_.item_id as item_id1_5_0_, itemmaster0_.branch_id as branch_i2_5_0_, itemmaster0_.cost as cost3_5_0_, itemmaster0_.created_by as created_4_5_0_, itemmaster0_.created_date as created_5_5_0_, itemmaster0_.item_class_id as item_cla6_5_0_, itemmaster0_.item_qty as item_qty7_5_0_, itemmaster0_.on_stock as on_stock8_5_0_, itemmaster0_.product_id as product_9_5_0_, itemmaster0_.selling_price as selling10_5_0_, itemmaster0_.shadow_stock_in as shadow_11_5_0_, itemmaster0_.shadow_stock_out as shadow_12_5_0_, itemmaster0_.status as status13_5_0_, itemmaster0_.status_date as status_14_5_0_ from product_master itemmaster0_ where itemmaster0_.item_id=?
2022-06-15 17:45:15,947 DEBUG org.hibernate.engine.jdbc.spi.SqlStatementLogger [http-nio-8082-exec-4] select itemmaster0_.item_id as item_id1_5_0_, itemmaster0_.branch_id as branch_i2_5_0_, itemmaster0_.cost as cost3_5_0_, itemmaster0_.created_by as created_4_5_0_, itemmaster0_.created_date as created_5_5_0_, itemmaster0_.item_class_id as item_cla6_5_0_, itemmaster0_.item_qty as item_qty7_5_0_, itemmaster0_.on_stock as on_stock8_5_0_, itemmaster0_.product_id as product_9_5_0_, itemmaster0_.selling_price as selling10_5_0_, itemmaster0_.shadow_stock_in as shadow_11_5_0_, itemmaster0_.shadow_stock_out as shadow_12_5_0_, itemmaster0_.status as status13_5_0_, itemmaster0_.status_date as status_14_5_0_ from product_master itemmaster0_ where itemmaster0_.item_id=?
2022-06-15 17:45:15,997 DEBUG org.hibernate.engine.jdbc.spi.SqlStatementLogger [http-nio-8082-exec-4] update product_master set branch_id=?, cost=?, created_by=?, created_date=?, item_class_id=?, item_qty=?, on_stock=?, product_id=?, selling_price=?, shadow_stock_in=?, shadow_stock_out=?, status=?, status_date=? where item_id=?
2022-06-15 17:45:15,997 DEBUG org.hibernate.engine.jdbc.spi.SqlStatementLogger [http-nio-8082-exec-4] update product_master set branch_id=?, cost=?, created_by=?, created_date=?, item_class_id=?, item_qty=?, on_stock=?, product_id=?, selling_price=?, shadow_stock_in=?, shadow_stock_out=?, status=?, status_date=? where item_id=?
2022-06-15 17:45:52,626 WARN org.springframework.web.servlet.handler.AbstractHandlerExceptionResolver [http-nio-8082-exec-5] Resolved [org.springframework.http.converter.HttpMessageNotReadableException: JSON parse error: Unexpected character ('}' (code 125)): was expecting double-quote to start field name; nested exception is com.fasterxml.jackson.core.JsonParseException: Unexpected character ('}' (code 125)): was expecting double-quote to start field name<LF> at [Source: (PushbackInputStream); line: 13, column: 2]]
2022-06-15 17:45:58,431 INFO com.jst.rapidapp.utils.aop.AOPUtility [http-nio-8082-exec-7] #ReqProcessStart =>ResponseEntity com.jst.rapidapp.controllers.item.ItemController.saveItemMaster(ItemMaster)#Params => [ItemMaster(itemId=0, itemClassId=111, productId=20, branchId=52, cost=0.0, sellingPrice=0.0, itemQty=0.0, onStock=0.0, shadowStockIn=0.5, shadowStockOut=0.1, status=CREATED, statusDate=null, createdBy=Sree, createdDate=null)]
2022-06-15 17:45:58,447 DEBUG org.hibernate.engine.jdbc.spi.SqlStatementLogger [http-nio-8082-exec-7] select tbl.next_val from hibernate_sequences tbl where tbl.sequence_name=? for update
2022-06-15 17:45:58,447 DEBUG org.hibernate.engine.jdbc.spi.SqlStatementLogger [http-nio-8082-exec-7] select tbl.next_val from hibernate_sequences tbl where tbl.sequence_name=? for update
2022-06-15 17:45:58,454 DEBUG org.hibernate.engine.jdbc.spi.SqlStatementLogger [http-nio-8082-exec-7] update hibernate_sequences set next_val=?  where next_val=? and sequence_name=?
2022-06-15 17:45:58,454 DEBUG org.hibernate.engine.jdbc.spi.SqlStatementLogger [http-nio-8082-exec-7] update hibernate_sequences set next_val=?  where next_val=? and sequence_name=?
2022-06-15 17:45:58,471 DEBUG org.hibernate.engine.jdbc.spi.SqlStatementLogger [http-nio-8082-exec-7] insert into product_master (branch_id, cost, created_by, created_date, item_class_id, item_qty, on_stock, product_id, selling_price, shadow_stock_in, shadow_stock_out, status, status_date, item_id) values (?, ?, ?, ?, ?, ?, ?, ?, ?, ?, ?, ?, ?, ?)
2022-06-15 17:45:58,471 DEBUG org.hibernate.engine.jdbc.spi.SqlStatementLogger [http-nio-8082-exec-7] insert into product_master (branch_id, cost, created_by, created_date, item_class_id, item_qty, on_stock, product_id, selling_price, shadow_stock_in, shadow_stock_out, status, status_date, item_id) values (?, ?, ?, ?, ?, ?, ?, ?, ?, ?, ?, ?, ?, ?)
2022-06-15 17:45:58,477 WARN org.hibernate.engine.jdbc.spi.SqlExceptionHelper [http-nio-8082-exec-7] SQL Error: 1364, SQLState: HY000
2022-06-15 17:45:58,478 ERROR org.hibernate.engine.jdbc.spi.SqlExceptionHelper [http-nio-8082-exec-7] Field 'discount_id' doesn't have a default value
2022-06-15 17:45:58,479 INFO org.hibernate.engine.jdbc.batch.internal.AbstractBatchImpl [http-nio-8082-exec-7] HHH000010: On release of batch it still contained JDBC statements
2022-06-15 17:45:58,485 WARN org.springframework.web.servlet.handler.AbstractHandlerExceptionResolver [http-nio-8082-exec-7] Resolved [org.springframework.orm.jpa.JpaSystemException: could not execute statement; nested exception is org.hibernate.exception.GenericJDBCException: could not execute statement]
2022-06-15 17:47:08,406 INFO org.springframework.orm.jpa.AbstractEntityManagerFactoryBean [Thread-5] Closing JPA EntityManagerFactory for persistence unit 'default'
2022-06-15 17:47:08,414 INFO com.zaxxer.hikari.HikariDataSource [Thread-5] HikariPool-1 - Shutdown initiated...
2022-06-15 17:47:08,438 INFO com.zaxxer.hikari.HikariDataSource [Thread-5] HikariPool-1 - Shutdown completed.
2022-06-15 17:47:08,631 INFO org.springframework.boot.StartupInfoLogger [restartedMain] Starting RapidappApplication using Java 11.0.9 on DESKTOP-AP8ADDD with PID 19376 (C:\Users\subha\OneDrive\Desktop\2022\Angular\rapidApp\target\classes started by subha in C:\Users\subha\OneDrive\Desktop\2022\Angular\rapidApp)
2022-06-15 17:47:08,632 DEBUG org.springframework.boot.StartupInfoLogger [restartedMain] Running with Spring Boot v2.6.1, Spring v5.3.13
2022-06-15 17:47:08,632 INFO org.springframework.boot.SpringApplication [restartedMain] No active profile set, falling back to default profiles: default
2022-06-15 17:47:09,559 INFO org.springframework.data.repository.config.RepositoryConfigurationDelegate [restartedMain] Multiple Spring Data modules found, entering strict repository configuration mode!
2022-06-15 17:47:09,560 INFO org.springframework.data.repository.config.RepositoryConfigurationDelegate [restartedMain] Bootstrapping Spring Data JPA repositories in DEFAULT mode.
2022-06-15 17:47:09,693 INFO org.springframework.data.repository.config.RepositoryConfigurationDelegate [restartedMain] Finished Spring Data repository scanning in 132 ms. Found 9 JPA repository interfaces.
2022-06-15 17:47:09,698 INFO org.springframework.data.repository.config.RepositoryConfigurationDelegate [restartedMain] Multiple Spring Data modules found, entering strict repository configuration mode!
2022-06-15 17:47:09,698 INFO org.springframework.data.repository.config.RepositoryConfigurationDelegate [restartedMain] Bootstrapping Spring Data Redis repositories in DEFAULT mode.
2022-06-15 17:47:09,716 INFO org.springframework.data.repository.config.RepositoryConfigurationExtensionSupport [restartedMain] Spring Data Redis - Could not safely identify store assignment for repository candidate interface com.jst.rapidapp.repository.company.CompanyRepository. If you want this repository to be a Redis repository, consider annotating your entities with one of these annotations: org.springframework.data.redis.core.RedisHash (preferred), or consider extending one of the following types with your repository: org.springframework.data.keyvalue.repository.KeyValueRepository.
2022-06-15 17:47:09,717 INFO org.springframework.data.repository.config.RepositoryConfigurationExtensionSupport [restartedMain] Spring Data Redis - Could not safely identify store assignment for repository candidate interface com.jst.rapidapp.repository.item.ItemRepository. If you want this repository to be a Redis repository, consider annotating your entities with one of these annotations: org.springframework.data.redis.core.RedisHash (preferred), or consider extending one of the following types with your repository: org.springframework.data.keyvalue.repository.KeyValueRepository.
2022-06-15 17:47:09,718 INFO org.springframework.data.repository.config.RepositoryConfigurationExtensionSupport [restartedMain] Spring Data Redis - Could not safely identify store assignment for repository candidate interface com.jst.rapidapp.repository.lookup.LookupRepository. If you want this repository to be a Redis repository, consider annotating your entities with one of these annotations: org.springframework.data.redis.core.RedisHash (preferred), or consider extending one of the following types with your repository: org.springframework.data.keyvalue.repository.KeyValueRepository.
2022-06-15 17:47:09,719 INFO org.springframework.data.repository.config.RepositoryConfigurationExtensionSupport [restartedMain] Spring Data Redis - Could not safely identify store assignment for repository candidate interface com.jst.rapidapp.repository.module.AttributeRepository. If you want this repository to be a Redis repository, consider annotating your entities with one of these annotations: org.springframework.data.redis.core.RedisHash (preferred), or consider extending one of the following types with your repository: org.springframework.data.keyvalue.repository.KeyValueRepository.
2022-06-15 17:47:09,721 INFO org.springframework.data.repository.config.RepositoryConfigurationExtensionSupport [restartedMain] Spring Data Redis - Could not safely identify store assignment for repository candidate interface com.jst.rapidapp.repository.module.ModuleRepository. If you want this repository to be a Redis repository, consider annotating your entities with one of these annotations: org.springframework.data.redis.core.RedisHash (preferred), or consider extending one of the following types with your repository: org.springframework.data.keyvalue.repository.KeyValueRepository.
2022-06-15 17:47:09,722 INFO org.springframework.data.repository.config.RepositoryConfigurationExtensionSupport [restartedMain] Spring Data Redis - Could not safely identify store assignment for repository candidate interface com.jst.rapidapp.repository.product.ProductRepository. If you want this repository to be a Redis repository, consider annotating your entities with one of these annotations: org.springframework.data.redis.core.RedisHash (preferred), or consider extending one of the following types with your repository: org.springframework.data.keyvalue.repository.KeyValueRepository.
2022-06-15 17:47:09,723 INFO org.springframework.data.repository.config.RepositoryConfigurationExtensionSupport [restartedMain] Spring Data Redis - Could not safely identify store assignment for repository candidate interface com.jst.rapidapp.repository.role.RoleRepository. If you want this repository to be a Redis repository, consider annotating your entities with one of these annotations: org.springframework.data.redis.core.RedisHash (preferred), or consider extending one of the following types with your repository: org.springframework.data.keyvalue.repository.KeyValueRepository.
2022-06-15 17:47:09,725 INFO org.springframework.data.repository.config.RepositoryConfigurationExtensionSupport [restartedMain] Spring Data Redis - Could not safely identify store assignment for repository candidate interface com.jst.rapidapp.repository.transaction.TransactionRepository. If you want this repository to be a Redis repository, consider annotating your entities with one of these annotations: org.springframework.data.redis.core.RedisHash (preferred), or consider extending one of the following types with your repository: org.springframework.data.keyvalue.repository.KeyValueRepository.
2022-06-15 17:47:09,726 INFO org.springframework.data.repository.config.RepositoryConfigurationExtensionSupport [restartedMain] Spring Data Redis - Could not safely identify store assignment for repository candidate interface com.jst.rapidapp.repository.user.UserRepository. If you want this repository to be a Redis repository, consider annotating your entities with one of these annotations: org.springframework.data.redis.core.RedisHash (preferred), or consider extending one of the following types with your repository: org.springframework.data.keyvalue.repository.KeyValueRepository.
2022-06-15 17:47:09,726 INFO org.springframework.data.repository.config.RepositoryConfigurationDelegate [restartedMain] Finished Spring Data repository scanning in 27 ms. Found 0 Redis repository interfaces.
2022-06-15 17:47:10,106 INFO org.springframework.boot.web.embedded.tomcat.TomcatWebServer [restartedMain] Tomcat initialized with port(s): 8082 (http)
2022-06-15 17:47:10,107 INFO org.apache.juli.logging.DirectJDKLog [restartedMain] Initializing ProtocolHandler ["http-nio-8082"]
2022-06-15 17:47:10,107 INFO org.apache.juli.logging.DirectJDKLog [restartedMain] Starting service [Tomcat]
2022-06-15 17:47:10,108 INFO org.apache.juli.logging.DirectJDKLog [restartedMain] Starting Servlet engine: [Apache Tomcat/9.0.55]
2022-06-15 17:47:10,148 INFO org.apache.juli.logging.DirectJDKLog [restartedMain] Initializing Spring embedded WebApplicationContext
2022-06-15 17:47:10,149 INFO org.springframework.boot.web.servlet.context.ServletWebServerApplicationContext [restartedMain] Root WebApplicationContext: initialization completed in 1511 ms
2022-06-15 17:47:10,251 DEBUG org.springframework.web.filter.GenericFilterBean [restartedMain] Filter 'jwtAuthenticationFilter' configured for use
2022-06-15 17:47:10,374 INFO org.hibernate.jpa.internal.util.LogHelper [restartedMain] HHH000204: Processing PersistenceUnitInfo [name: default]
2022-06-15 17:47:10,384 INFO com.zaxxer.hikari.HikariDataSource [restartedMain] HikariPool-2 - Starting...
2022-06-15 17:47:10,419 INFO com.zaxxer.hikari.HikariDataSource [restartedMain] HikariPool-2 - Start completed.
2022-06-15 17:47:10,420 INFO org.hibernate.dialect.Dialect [restartedMain] HHH000400: Using dialect: org.hibernate.dialect.MySQL8Dialect
2022-06-15 17:47:10,461 INFO org.hibernate.id.enhanced.TableGenerator [restartedMain] HHH000398: Explicit segment value for id generator [hibernate_sequences.sequence_name] suggested; using default [default]
2022-06-15 17:47:10,463 INFO org.hibernate.id.enhanced.TableGenerator [restartedMain] HHH000398: Explicit segment value for id generator [hibernate_sequences.sequence_name] suggested; using default [default]
2022-06-15 17:47:10,463 INFO org.hibernate.id.enhanced.TableGenerator [restartedMain] HHH000398: Explicit segment value for id generator [hibernate_sequences.sequence_name] suggested; using default [default]
2022-06-15 17:47:10,464 INFO org.hibernate.id.enhanced.TableGenerator [restartedMain] HHH000398: Explicit segment value for id generator [hibernate_sequences.sequence_name] suggested; using default [default]
2022-06-15 17:47:10,465 INFO org.hibernate.id.enhanced.TableGenerator [restartedMain] HHH000398: Explicit segment value for id generator [hibernate_sequences.sequence_name] suggested; using default [default]
2022-06-15 17:47:10,465 INFO org.hibernate.id.enhanced.TableGenerator [restartedMain] HHH000398: Explicit segment value for id generator [hibernate_sequences.sequence_name] suggested; using default [default]
2022-06-15 17:47:10,466 INFO org.hibernate.id.enhanced.TableGenerator [restartedMain] HHH000398: Explicit segment value for id generator [hibernate_sequences.sequence_name] suggested; using default [default]
2022-06-15 17:47:10,470 INFO org.hibernate.id.enhanced.TableGenerator [restartedMain] HHH000398: Explicit segment value for id generator [hibernate_sequences.sequence_name] suggested; using default [default]
2022-06-15 17:47:10,471 INFO org.hibernate.id.enhanced.TableGenerator [restartedMain] HHH000398: Explicit segment value for id generator [hibernate_sequences.sequence_name] suggested; using default [default]
2022-06-15 17:47:10,826 DEBUG org.hibernate.engine.jdbc.spi.SqlStatementLogger [restartedMain] create table item_master (item_id bigint not null, branch_id bigint not null, cost double precision not null, created_by varchar(255), created_date datetime(6), item_class_id bigint not null, item_qty double precision not null, on_stock double precision not null, product_id bigint not null, selling_price double precision not null, shadow_stock_in double precision not null, shadow_stock_out double precision not null, status varchar(255), status_date datetime(6), primary key (item_id)) engine=InnoDB
2022-06-15 17:47:10,826 DEBUG org.hibernate.engine.jdbc.spi.SqlStatementLogger [restartedMain] create table item_master (item_id bigint not null, branch_id bigint not null, cost double precision not null, created_by varchar(255), created_date datetime(6), item_class_id bigint not null, item_qty double precision not null, on_stock double precision not null, product_id bigint not null, selling_price double precision not null, shadow_stock_in double precision not null, shadow_stock_out double precision not null, status varchar(255), status_date datetime(6), primary key (item_id)) engine=InnoDB
2022-06-15 17:47:10,941 INFO org.hibernate.engine.transaction.jta.platform.internal.JtaPlatformInitiator [restartedMain] HHH000490: Using JtaPlatform implementation: [org.hibernate.engine.transaction.jta.platform.internal.NoJtaPlatform]
2022-06-15 17:47:10,941 INFO org.springframework.orm.jpa.AbstractEntityManagerFactoryBean [restartedMain] Initialized JPA EntityManagerFactory for persistence unit 'default'
2022-06-15 17:47:11,237 WARN org.springframework.boot.autoconfigure.orm.jpa.JpaBaseConfiguration$JpaWebConfiguration [restartedMain] spring.jpa.open-in-view is enabled by default. Therefore, database queries may be performed during view rendering. Explicitly configure spring.jpa.open-in-view to disable this warning
2022-06-15 17:47:11,839 INFO org.springframework.security.web.DefaultSecurityFilterChain [restartedMain] Will secure Ant [pattern='/v3/api-docs/**'] with []
2022-06-15 17:47:11,840 INFO org.springframework.security.web.DefaultSecurityFilterChain [restartedMain] Will secure Ant [pattern='/swagger-ui.html'] with []
2022-06-15 17:47:11,840 INFO org.springframework.security.web.DefaultSecurityFilterChain [restartedMain] Will secure Ant [pattern='/swagger-ui/**'] with []
2022-06-15 17:47:12,646 INFO org.springframework.boot.actuate.endpoint.web.EndpointLinksResolver [restartedMain] Exposing 1 endpoint(s) beneath base path '/actuator'
2022-06-15 17:47:12,662 INFO org.springframework.security.web.DefaultSecurityFilterChain [restartedMain] Will secure any request with [org.springframework.security.web.context.request.async.WebAsyncManagerIntegrationFilter@2dd2c736, org.springframework.security.web.context.SecurityContextPersistenceFilter@3968ed84, org.springframework.security.web.header.HeaderWriterFilter@214f4efa, org.springframework.web.filter.CorsFilter@59aaca31, org.springframework.security.web.authentication.logout.LogoutFilter@4471b0ab, com.jst.rapidapp.configurations.JwtAuthenticationFilter@33b15765, org.springframework.security.web.savedrequest.RequestCacheAwareFilter@2dec2e75, org.springframework.security.web.servletapi.SecurityContextHolderAwareRequestFilter@760f8dac, org.springframework.security.web.authentication.AnonymousAuthenticationFilter@208546b6, org.springframework.security.web.session.SessionManagementFilter@57a37d7b, org.springframework.security.web.access.ExceptionTranslationFilter@14300418, org.springframework.security.web.access.intercept.FilterSecurityInterceptor@773f69d1]
2022-06-15 17:47:12,996 INFO org.springframework.boot.devtools.autoconfigure.OptionalLiveReloadServer [restartedMain] LiveReload server is running on port 35729
2022-06-15 17:47:13,013 INFO org.apache.juli.logging.DirectJDKLog [restartedMain] Starting ProtocolHandler ["http-nio-8082"]
2022-06-15 17:47:13,016 INFO org.springframework.boot.web.embedded.tomcat.TomcatWebServer [restartedMain] Tomcat started on port(s): 8082 (http) with context path ''
2022-06-15 17:47:13,025 INFO org.springframework.boot.StartupInfoLogger [restartedMain] Started RapidappApplication in 4.459 seconds (JVM running for 257.891)
2022-06-15 17:47:13,029 INFO org.springframework.boot.devtools.autoconfigure.ConditionEvaluationDeltaLoggingListener [restartedMain] Condition evaluation unchanged
2022-06-15 17:47:14,851 INFO org.springframework.orm.jpa.AbstractEntityManagerFactoryBean [Thread-7] Closing JPA EntityManagerFactory for persistence unit 'default'
2022-06-15 17:47:14,854 INFO com.zaxxer.hikari.HikariDataSource [Thread-7] HikariPool-2 - Shutdown initiated...
2022-06-15 17:47:14,866 INFO com.zaxxer.hikari.HikariDataSource [Thread-7] HikariPool-2 - Shutdown completed.
2022-06-15 17:47:14,982 INFO org.springframework.boot.StartupInfoLogger [restartedMain] Starting RapidappApplication using Java 11.0.9 on DESKTOP-AP8ADDD with PID 19376 (C:\Users\subha\OneDrive\Desktop\2022\Angular\rapidApp\target\classes started by subha in C:\Users\subha\OneDrive\Desktop\2022\Angular\rapidApp)
2022-06-15 17:47:14,982 DEBUG org.springframework.boot.StartupInfoLogger [restartedMain] Running with Spring Boot v2.6.1, Spring v5.3.13
2022-06-15 17:47:14,983 INFO org.springframework.boot.SpringApplication [restartedMain] No active profile set, falling back to default profiles: default
2022-06-15 17:47:15,520 INFO org.springframework.data.repository.config.RepositoryConfigurationDelegate [restartedMain] Multiple Spring Data modules found, entering strict repository configuration mode!
2022-06-15 17:47:15,521 INFO org.springframework.data.repository.config.RepositoryConfigurationDelegate [restartedMain] Bootstrapping Spring Data JPA repositories in DEFAULT mode.
2022-06-15 17:47:15,617 INFO org.springframework.data.repository.config.RepositoryConfigurationDelegate [restartedMain] Finished Spring Data repository scanning in 95 ms. Found 9 JPA repository interfaces.
2022-06-15 17:47:15,621 INFO org.springframework.data.repository.config.RepositoryConfigurationDelegate [restartedMain] Multiple Spring Data modules found, entering strict repository configuration mode!
2022-06-15 17:47:15,622 INFO org.springframework.data.repository.config.RepositoryConfigurationDelegate [restartedMain] Bootstrapping Spring Data Redis repositories in DEFAULT mode.
2022-06-15 17:47:15,639 INFO org.springframework.data.repository.config.RepositoryConfigurationExtensionSupport [restartedMain] Spring Data Redis - Could not safely identify store assignment for repository candidate interface com.jst.rapidapp.repository.company.CompanyRepository. If you want this repository to be a Redis repository, consider annotating your entities with one of these annotations: org.springframework.data.redis.core.RedisHash (preferred), or consider extending one of the following types with your repository: org.springframework.data.keyvalue.repository.KeyValueRepository.
2022-06-15 17:47:15,639 INFO org.springframework.data.repository.config.RepositoryConfigurationExtensionSupport [restartedMain] Spring Data Redis - Could not safely identify store assignment for repository candidate interface com.jst.rapidapp.repository.item.ItemRepository. If you want this repository to be a Redis repository, consider annotating your entities with one of these annotations: org.springframework.data.redis.core.RedisHash (preferred), or consider extending one of the following types with your repository: org.springframework.data.keyvalue.repository.KeyValueRepository.
2022-06-15 17:47:15,640 INFO org.springframework.data.repository.config.RepositoryConfigurationExtensionSupport [restartedMain] Spring Data Redis - Could not safely identify store assignment for repository candidate interface com.jst.rapidapp.repository.lookup.LookupRepository. If you want this repository to be a Redis repository, consider annotating your entities with one of these annotations: org.springframework.data.redis.core.RedisHash (preferred), or consider extending one of the following types with your repository: org.springframework.data.keyvalue.repository.KeyValueRepository.
2022-06-15 17:47:15,640 INFO org.springframework.data.repository.config.RepositoryConfigurationExtensionSupport [restartedMain] Spring Data Redis - Could not safely identify store assignment for repository candidate interface com.jst.rapidapp.repository.module.AttributeRepository. If you want this repository to be a Redis repository, consider annotating your entities with one of these annotations: org.springframework.data.redis.core.RedisHash (preferred), or consider extending one of the following types with your repository: org.springframework.data.keyvalue.repository.KeyValueRepository.
2022-06-15 17:47:15,640 INFO org.springframework.data.repository.config.RepositoryConfigurationExtensionSupport [restartedMain] Spring Data Redis - Could not safely identify store assignment for repository candidate interface com.jst.rapidapp.repository.module.ModuleRepository. If you want this repository to be a Redis repository, consider annotating your entities with one of these annotations: org.springframework.data.redis.core.RedisHash (preferred), or consider extending one of the following types with your repository: org.springframework.data.keyvalue.repository.KeyValueRepository.
2022-06-15 17:47:15,641 INFO org.springframework.data.repository.config.RepositoryConfigurationExtensionSupport [restartedMain] Spring Data Redis - Could not safely identify store assignment for repository candidate interface com.jst.rapidapp.repository.product.ProductRepository. If you want this repository to be a Redis repository, consider annotating your entities with one of these annotations: org.springframework.data.redis.core.RedisHash (preferred), or consider extending one of the following types with your repository: org.springframework.data.keyvalue.repository.KeyValueRepository.
2022-06-15 17:47:15,641 INFO org.springframework.data.repository.config.RepositoryConfigurationExtensionSupport [restartedMain] Spring Data Redis - Could not safely identify store assignment for repository candidate interface com.jst.rapidapp.repository.role.RoleRepository. If you want this repository to be a Redis repository, consider annotating your entities with one of these annotations: org.springframework.data.redis.core.RedisHash (preferred), or consider extending one of the following types with your repository: org.springframework.data.keyvalue.repository.KeyValueRepository.
2022-06-15 17:47:15,642 INFO org.springframework.data.repository.config.RepositoryConfigurationExtensionSupport [restartedMain] Spring Data Redis - Could not safely identify store assignment for repository candidate interface com.jst.rapidapp.repository.transaction.TransactionRepository. If you want this repository to be a Redis repository, consider annotating your entities with one of these annotations: org.springframework.data.redis.core.RedisHash (preferred), or consider extending one of the following types with your repository: org.springframework.data.keyvalue.repository.KeyValueRepository.
2022-06-15 17:47:15,643 INFO org.springframework.data.repository.config.RepositoryConfigurationExtensionSupport [restartedMain] Spring Data Redis - Could not safely identify store assignment for repository candidate interface com.jst.rapidapp.repository.user.UserRepository. If you want this repository to be a Redis repository, consider annotating your entities with one of these annotations: org.springframework.data.redis.core.RedisHash (preferred), or consider extending one of the following types with your repository: org.springframework.data.keyvalue.repository.KeyValueRepository.
2022-06-15 17:47:15,643 INFO org.springframework.data.repository.config.RepositoryConfigurationDelegate [restartedMain] Finished Spring Data repository scanning in 21 ms. Found 0 Redis repository interfaces.
2022-06-15 17:47:15,836 INFO org.springframework.boot.web.embedded.tomcat.TomcatWebServer [restartedMain] Tomcat initialized with port(s): 8082 (http)
2022-06-15 17:47:15,838 INFO org.apache.juli.logging.DirectJDKLog [restartedMain] Initializing ProtocolHandler ["http-nio-8082"]
2022-06-15 17:47:15,839 INFO org.apache.juli.logging.DirectJDKLog [restartedMain] Starting service [Tomcat]
2022-06-15 17:47:15,839 INFO org.apache.juli.logging.DirectJDKLog [restartedMain] Starting Servlet engine: [Apache Tomcat/9.0.55]
2022-06-15 17:47:15,873 INFO org.apache.juli.logging.DirectJDKLog [restartedMain] Initializing Spring embedded WebApplicationContext
2022-06-15 17:47:15,873 INFO org.springframework.boot.web.servlet.context.ServletWebServerApplicationContext [restartedMain] Root WebApplicationContext: initialization completed in 886 ms
2022-06-15 17:47:15,947 DEBUG org.springframework.web.filter.GenericFilterBean [restartedMain] Filter 'jwtAuthenticationFilter' configured for use
2022-06-15 17:47:16,034 INFO org.hibernate.jpa.internal.util.LogHelper [restartedMain] HHH000204: Processing PersistenceUnitInfo [name: default]
2022-06-15 17:47:16,042 INFO com.zaxxer.hikari.HikariDataSource [restartedMain] HikariPool-3 - Starting...
2022-06-15 17:47:16,063 INFO com.zaxxer.hikari.HikariDataSource [restartedMain] HikariPool-3 - Start completed.
2022-06-15 17:47:16,064 INFO org.hibernate.dialect.Dialect [restartedMain] HHH000400: Using dialect: org.hibernate.dialect.MySQL8Dialect
2022-06-15 17:47:16,107 INFO org.hibernate.id.enhanced.TableGenerator [restartedMain] HHH000398: Explicit segment value for id generator [hibernate_sequences.sequence_name] suggested; using default [default]
2022-06-15 17:47:16,108 INFO org.hibernate.id.enhanced.TableGenerator [restartedMain] HHH000398: Explicit segment value for id generator [hibernate_sequences.sequence_name] suggested; using default [default]
2022-06-15 17:47:16,108 INFO org.hibernate.id.enhanced.TableGenerator [restartedMain] HHH000398: Explicit segment value for id generator [hibernate_sequences.sequence_name] suggested; using default [default]
2022-06-15 17:47:16,109 INFO org.hibernate.id.enhanced.TableGenerator [restartedMain] HHH000398: Explicit segment value for id generator [hibernate_sequences.sequence_name] suggested; using default [default]
2022-06-15 17:47:16,109 INFO org.hibernate.id.enhanced.TableGenerator [restartedMain] HHH000398: Explicit segment value for id generator [hibernate_sequences.sequence_name] suggested; using default [default]
2022-06-15 17:47:16,109 INFO org.hibernate.id.enhanced.TableGenerator [restartedMain] HHH000398: Explicit segment value for id generator [hibernate_sequences.sequence_name] suggested; using default [default]
2022-06-15 17:47:16,110 INFO org.hibernate.id.enhanced.TableGenerator [restartedMain] HHH000398: Explicit segment value for id generator [hibernate_sequences.sequence_name] suggested; using default [default]
2022-06-15 17:47:16,112 INFO org.hibernate.id.enhanced.TableGenerator [restartedMain] HHH000398: Explicit segment value for id generator [hibernate_sequences.sequence_name] suggested; using default [default]
2022-06-15 17:47:16,113 INFO org.hibernate.id.enhanced.TableGenerator [restartedMain] HHH000398: Explicit segment value for id generator [hibernate_sequences.sequence_name] suggested; using default [default]
2022-06-15 17:47:16,316 INFO org.hibernate.engine.transaction.jta.platform.internal.JtaPlatformInitiator [restartedMain] HHH000490: Using JtaPlatform implementation: [org.hibernate.engine.transaction.jta.platform.internal.NoJtaPlatform]
2022-06-15 17:47:16,316 INFO org.springframework.orm.jpa.AbstractEntityManagerFactoryBean [restartedMain] Initialized JPA EntityManagerFactory for persistence unit 'default'
2022-06-15 17:47:16,557 WARN org.springframework.boot.autoconfigure.orm.jpa.JpaBaseConfiguration$JpaWebConfiguration [restartedMain] spring.jpa.open-in-view is enabled by default. Therefore, database queries may be performed during view rendering. Explicitly configure spring.jpa.open-in-view to disable this warning
2022-06-15 17:47:16,944 INFO org.springframework.security.web.DefaultSecurityFilterChain [restartedMain] Will secure Ant [pattern='/v3/api-docs/**'] with []
2022-06-15 17:47:16,945 INFO org.springframework.security.web.DefaultSecurityFilterChain [restartedMain] Will secure Ant [pattern='/swagger-ui.html'] with []
2022-06-15 17:47:16,945 INFO org.springframework.security.web.DefaultSecurityFilterChain [restartedMain] Will secure Ant [pattern='/swagger-ui/**'] with []
2022-06-15 17:47:17,511 INFO org.springframework.boot.actuate.endpoint.web.EndpointLinksResolver [restartedMain] Exposing 1 endpoint(s) beneath base path '/actuator'
2022-06-15 17:47:17,521 INFO org.springframework.security.web.DefaultSecurityFilterChain [restartedMain] Will secure any request with [org.springframework.security.web.context.request.async.WebAsyncManagerIntegrationFilter@5970d290, org.springframework.security.web.context.SecurityContextPersistenceFilter@689bce9a, org.springframework.security.web.header.HeaderWriterFilter@7302a6e6, org.springframework.web.filter.CorsFilter@c00903b, org.springframework.security.web.authentication.logout.LogoutFilter@6f1d6915, com.jst.rapidapp.configurations.JwtAuthenticationFilter@70629186, org.springframework.security.web.savedrequest.RequestCacheAwareFilter@2b398e33, org.springframework.security.web.servletapi.SecurityContextHolderAwareRequestFilter@4d6a2824, org.springframework.security.web.authentication.AnonymousAuthenticationFilter@bafb835, org.springframework.security.web.session.SessionManagementFilter@4e7b5828, org.springframework.security.web.access.ExceptionTranslationFilter@4b011c16, org.springframework.security.web.access.intercept.FilterSecurityInterceptor@25f987d4]
2022-06-15 17:47:17,782 INFO org.springframework.boot.devtools.autoconfigure.OptionalLiveReloadServer [restartedMain] LiveReload server is running on port 35729
2022-06-15 17:47:17,800 INFO org.apache.juli.logging.DirectJDKLog [restartedMain] Starting ProtocolHandler ["http-nio-8082"]
2022-06-15 17:47:17,803 INFO org.springframework.boot.web.embedded.tomcat.TomcatWebServer [restartedMain] Tomcat started on port(s): 8082 (http) with context path ''
2022-06-15 17:47:17,815 INFO org.springframework.boot.StartupInfoLogger [restartedMain] Started RapidappApplication in 2.876 seconds (JVM running for 262.682)
2022-06-15 17:47:17,818 INFO org.springframework.boot.devtools.autoconfigure.ConditionEvaluationDeltaLoggingListener [restartedMain] Condition evaluation unchanged
2022-06-15 17:54:04,871 INFO org.apache.juli.logging.DirectJDKLog [http-nio-8082-exec-2] Initializing Spring DispatcherServlet 'dispatcherServlet'
2022-06-15 17:54:04,889 INFO org.springframework.web.servlet.FrameworkServlet [http-nio-8082-exec-2] Initializing Servlet 'dispatcherServlet'
2022-06-15 17:54:04,946 INFO org.springframework.web.servlet.FrameworkServlet [http-nio-8082-exec-2] Completed initialization in 57 ms
2022-06-15 17:54:05,072 INFO com.jst.rapidapp.utils.aop.AOPUtility [http-nio-8082-exec-2] #ReqProcessStart =>ResponseEntity com.jst.rapidapp.controllers.item.ItemController.saveItemMaster(ItemMaster)#Params => [ItemMaster(itemId=0, itemClassId=111, productId=20, branchId=52, cost=0.0, sellingPrice=0.0, itemQty=0.0, onStock=0.0, shadowStockIn=0.5, shadowStockOut=0.1, status=CREATED, statusDate=null, createdBy=Sree, createdDate=null)]
2022-06-15 17:54:05,160 DEBUG org.hibernate.engine.jdbc.spi.SqlStatementLogger [http-nio-8082-exec-2] select tbl.next_val from hibernate_sequences tbl where tbl.sequence_name=? for update
2022-06-15 17:54:05,160 DEBUG org.hibernate.engine.jdbc.spi.SqlStatementLogger [http-nio-8082-exec-2] select tbl.next_val from hibernate_sequences tbl where tbl.sequence_name=? for update
2022-06-15 17:54:05,179 DEBUG org.hibernate.engine.jdbc.spi.SqlStatementLogger [http-nio-8082-exec-2] update hibernate_sequences set next_val=?  where next_val=? and sequence_name=?
2022-06-15 17:54:05,179 DEBUG org.hibernate.engine.jdbc.spi.SqlStatementLogger [http-nio-8082-exec-2] update hibernate_sequences set next_val=?  where next_val=? and sequence_name=?
2022-06-15 17:54:05,229 DEBUG org.hibernate.engine.jdbc.spi.SqlStatementLogger [http-nio-8082-exec-2] insert into item_master (branch_id, cost, created_by, created_date, item_class_id, item_qty, on_stock, product_id, selling_price, shadow_stock_in, shadow_stock_out, status, status_date, item_id) values (?, ?, ?, ?, ?, ?, ?, ?, ?, ?, ?, ?, ?, ?)
2022-06-15 17:54:05,229 DEBUG org.hibernate.engine.jdbc.spi.SqlStatementLogger [http-nio-8082-exec-2] insert into item_master (branch_id, cost, created_by, created_date, item_class_id, item_qty, on_stock, product_id, selling_price, shadow_stock_in, shadow_stock_out, status, status_date, item_id) values (?, ?, ?, ?, ?, ?, ?, ?, ?, ?, ?, ?, ?, ?)
2022-06-15 17:54:25,653 INFO com.jst.rapidapp.utils.aop.AOPUtility [http-nio-8082-exec-3] #ReqProcessStart =>ResponseEntity com.jst.rapidapp.controllers.item.ItemController.getItemMasterList()#Params => []
2022-06-15 17:54:25,717 DEBUG org.hibernate.engine.jdbc.spi.SqlStatementLogger [http-nio-8082-exec-3] select itemmaster0_.item_id as item_id1_1_, itemmaster0_.branch_id as branch_i2_1_, itemmaster0_.cost as cost3_1_, itemmaster0_.created_by as created_4_1_, itemmaster0_.created_date as created_5_1_, itemmaster0_.item_class_id as item_cla6_1_, itemmaster0_.item_qty as item_qty7_1_, itemmaster0_.on_stock as on_stock8_1_, itemmaster0_.product_id as product_9_1_, itemmaster0_.selling_price as selling10_1_, itemmaster0_.shadow_stock_in as shadow_11_1_, itemmaster0_.shadow_stock_out as shadow_12_1_, itemmaster0_.status as status13_1_, itemmaster0_.status_date as status_14_1_ from item_master itemmaster0_
2022-06-15 17:54:25,717 DEBUG org.hibernate.engine.jdbc.spi.SqlStatementLogger [http-nio-8082-exec-3] select itemmaster0_.item_id as item_id1_1_, itemmaster0_.branch_id as branch_i2_1_, itemmaster0_.cost as cost3_1_, itemmaster0_.created_by as created_4_1_, itemmaster0_.created_date as created_5_1_, itemmaster0_.item_class_id as item_cla6_1_, itemmaster0_.item_qty as item_qty7_1_, itemmaster0_.on_stock as on_stock8_1_, itemmaster0_.product_id as product_9_1_, itemmaster0_.selling_price as selling10_1_, itemmaster0_.shadow_stock_in as shadow_11_1_, itemmaster0_.shadow_stock_out as shadow_12_1_, itemmaster0_.status as status13_1_, itemmaster0_.status_date as status_14_1_ from item_master itemmaster0_
2022-06-15 17:54:34,073 INFO com.jst.rapidapp.utils.aop.AOPUtility [http-nio-8082-exec-4] #ReqProcessStart =>ResponseEntity com.jst.rapidapp.controllers.item.ItemController.saveItemMaster(ItemMaster)#Params => [ItemMaster(itemId=0, itemClassId=222, productId=20, branchId=52, cost=0.0, sellingPrice=0.0, itemQty=0.0, onStock=0.0, shadowStockIn=0.5, shadowStockOut=0.1, status=CREATED, statusDate=null, createdBy=Sree, createdDate=null)]
2022-06-15 17:54:34,080 DEBUG org.hibernate.engine.jdbc.spi.SqlStatementLogger [http-nio-8082-exec-4] select tbl.next_val from hibernate_sequences tbl where tbl.sequence_name=? for update
2022-06-15 17:54:34,080 DEBUG org.hibernate.engine.jdbc.spi.SqlStatementLogger [http-nio-8082-exec-4] select tbl.next_val from hibernate_sequences tbl where tbl.sequence_name=? for update
2022-06-15 17:54:34,086 DEBUG org.hibernate.engine.jdbc.spi.SqlStatementLogger [http-nio-8082-exec-4] update hibernate_sequences set next_val=?  where next_val=? and sequence_name=?
2022-06-15 17:54:34,086 DEBUG org.hibernate.engine.jdbc.spi.SqlStatementLogger [http-nio-8082-exec-4] update hibernate_sequences set next_val=?  where next_val=? and sequence_name=?
2022-06-15 17:54:34,097 DEBUG org.hibernate.engine.jdbc.spi.SqlStatementLogger [http-nio-8082-exec-4] insert into item_master (branch_id, cost, created_by, created_date, item_class_id, item_qty, on_stock, product_id, selling_price, shadow_stock_in, shadow_stock_out, status, status_date, item_id) values (?, ?, ?, ?, ?, ?, ?, ?, ?, ?, ?, ?, ?, ?)
2022-06-15 17:54:34,097 DEBUG org.hibernate.engine.jdbc.spi.SqlStatementLogger [http-nio-8082-exec-4] insert into item_master (branch_id, cost, created_by, created_date, item_class_id, item_qty, on_stock, product_id, selling_price, shadow_stock_in, shadow_stock_out, status, status_date, item_id) values (?, ?, ?, ?, ?, ?, ?, ?, ?, ?, ?, ?, ?, ?)
2022-06-15 17:54:36,977 INFO com.jst.rapidapp.utils.aop.AOPUtility [http-nio-8082-exec-5] #ReqProcessStart =>ResponseEntity com.jst.rapidapp.controllers.item.ItemController.getItemMasterList()#Params => []
2022-06-15 17:54:36,979 DEBUG org.hibernate.engine.jdbc.spi.SqlStatementLogger [http-nio-8082-exec-5] select itemmaster0_.item_id as item_id1_1_, itemmaster0_.branch_id as branch_i2_1_, itemmaster0_.cost as cost3_1_, itemmaster0_.created_by as created_4_1_, itemmaster0_.created_date as created_5_1_, itemmaster0_.item_class_id as item_cla6_1_, itemmaster0_.item_qty as item_qty7_1_, itemmaster0_.on_stock as on_stock8_1_, itemmaster0_.product_id as product_9_1_, itemmaster0_.selling_price as selling10_1_, itemmaster0_.shadow_stock_in as shadow_11_1_, itemmaster0_.shadow_stock_out as shadow_12_1_, itemmaster0_.status as status13_1_, itemmaster0_.status_date as status_14_1_ from item_master itemmaster0_
2022-06-15 17:54:36,979 DEBUG org.hibernate.engine.jdbc.spi.SqlStatementLogger [http-nio-8082-exec-5] select itemmaster0_.item_id as item_id1_1_, itemmaster0_.branch_id as branch_i2_1_, itemmaster0_.cost as cost3_1_, itemmaster0_.created_by as created_4_1_, itemmaster0_.created_date as created_5_1_, itemmaster0_.item_class_id as item_cla6_1_, itemmaster0_.item_qty as item_qty7_1_, itemmaster0_.on_stock as on_stock8_1_, itemmaster0_.product_id as product_9_1_, itemmaster0_.selling_price as selling10_1_, itemmaster0_.shadow_stock_in as shadow_11_1_, itemmaster0_.shadow_stock_out as shadow_12_1_, itemmaster0_.status as status13_1_, itemmaster0_.status_date as status_14_1_ from item_master itemmaster0_
2022-06-15 17:56:25,028 INFO com.jst.rapidapp.utils.aop.AOPUtility [http-nio-8082-exec-8] #ReqProcessStart =>ResponseEntity com.jst.rapidapp.controllers.item.ItemController.getItemMasterList()#Params => []
2022-06-15 17:56:25,030 DEBUG org.hibernate.engine.jdbc.spi.SqlStatementLogger [http-nio-8082-exec-8] select itemmaster0_.item_id as item_id1_1_, itemmaster0_.branch_id as branch_i2_1_, itemmaster0_.cost as cost3_1_, itemmaster0_.created_by as created_4_1_, itemmaster0_.created_date as created_5_1_, itemmaster0_.item_class_id as item_cla6_1_, itemmaster0_.item_qty as item_qty7_1_, itemmaster0_.on_stock as on_stock8_1_, itemmaster0_.product_id as product_9_1_, itemmaster0_.selling_price as selling10_1_, itemmaster0_.shadow_stock_in as shadow_11_1_, itemmaster0_.shadow_stock_out as shadow_12_1_, itemmaster0_.status as status13_1_, itemmaster0_.status_date as status_14_1_ from item_master itemmaster0_
2022-06-15 17:56:25,030 DEBUG org.hibernate.engine.jdbc.spi.SqlStatementLogger [http-nio-8082-exec-8] select itemmaster0_.item_id as item_id1_1_, itemmaster0_.branch_id as branch_i2_1_, itemmaster0_.cost as cost3_1_, itemmaster0_.created_by as created_4_1_, itemmaster0_.created_date as created_5_1_, itemmaster0_.item_class_id as item_cla6_1_, itemmaster0_.item_qty as item_qty7_1_, itemmaster0_.on_stock as on_stock8_1_, itemmaster0_.product_id as product_9_1_, itemmaster0_.selling_price as selling10_1_, itemmaster0_.shadow_stock_in as shadow_11_1_, itemmaster0_.shadow_stock_out as shadow_12_1_, itemmaster0_.status as status13_1_, itemmaster0_.status_date as status_14_1_ from item_master itemmaster0_
2022-06-15 17:56:32,625 WARN org.springframework.web.servlet.handler.AbstractHandlerExceptionResolver [http-nio-8082-exec-9] Resolved [org.springframework.web.bind.MissingPathVariableException: Required URI template variable 'productId' for method parameter type long is not present]
2022-06-15 17:59:13,099 INFO org.springframework.boot.StartupInfoLogger [restartedMain] Starting RapidappApplication using Java 11.0.9 on DESKTOP-AP8ADDD with PID 22708 (C:\Users\subha\OneDrive\Desktop\2022\Angular\rapidApp\target\classes started by subha in C:\Users\subha\OneDrive\Desktop\2022\Angular\rapidApp)
2022-06-15 17:59:13,101 DEBUG org.springframework.boot.StartupInfoLogger [restartedMain] Running with Spring Boot v2.6.1, Spring v5.3.13
2022-06-15 17:59:13,102 INFO org.springframework.boot.SpringApplication [restartedMain] No active profile set, falling back to default profiles: default
2022-06-15 17:59:13,101 INFO org.hibernate.validator.internal.util.Version [background-preinit] HV000001: Hibernate Validator 6.2.0.Final
2022-06-15 17:59:13,194 INFO org.springframework.boot.logging.DeferredLog [restartedMain] Devtools property defaults active! Set 'spring.devtools.add-properties' to 'false' to disable
2022-06-15 17:59:13,195 INFO org.springframework.boot.logging.DeferredLog [restartedMain] For additional web related logging consider setting the 'logging.level.web' property to 'DEBUG'
2022-06-15 17:59:15,250 INFO org.springframework.data.repository.config.RepositoryConfigurationDelegate [restartedMain] Multiple Spring Data modules found, entering strict repository configuration mode!
2022-06-15 17:59:15,253 INFO org.springframework.data.repository.config.RepositoryConfigurationDelegate [restartedMain] Bootstrapping Spring Data JPA repositories in DEFAULT mode.
2022-06-15 17:59:15,611 INFO org.springframework.data.repository.config.RepositoryConfigurationDelegate [restartedMain] Finished Spring Data repository scanning in 342 ms. Found 9 JPA repository interfaces.
2022-06-15 17:59:15,634 INFO org.springframework.data.repository.config.RepositoryConfigurationDelegate [restartedMain] Multiple Spring Data modules found, entering strict repository configuration mode!
2022-06-15 17:59:15,637 INFO org.springframework.data.repository.config.RepositoryConfigurationDelegate [restartedMain] Bootstrapping Spring Data Redis repositories in DEFAULT mode.
2022-06-15 17:59:15,683 INFO org.springframework.data.repository.config.RepositoryConfigurationExtensionSupport [restartedMain] Spring Data Redis - Could not safely identify store assignment for repository candidate interface com.jst.rapidapp.repository.company.CompanyRepository. If you want this repository to be a Redis repository, consider annotating your entities with one of these annotations: org.springframework.data.redis.core.RedisHash (preferred), or consider extending one of the following types with your repository: org.springframework.data.keyvalue.repository.KeyValueRepository.
2022-06-15 17:59:15,685 INFO org.springframework.data.repository.config.RepositoryConfigurationExtensionSupport [restartedMain] Spring Data Redis - Could not safely identify store assignment for repository candidate interface com.jst.rapidapp.repository.item.ItemRepository. If you want this repository to be a Redis repository, consider annotating your entities with one of these annotations: org.springframework.data.redis.core.RedisHash (preferred), or consider extending one of the following types with your repository: org.springframework.data.keyvalue.repository.KeyValueRepository.
2022-06-15 17:59:15,686 INFO org.springframework.data.repository.config.RepositoryConfigurationExtensionSupport [restartedMain] Spring Data Redis - Could not safely identify store assignment for repository candidate interface com.jst.rapidapp.repository.lookup.LookupRepository. If you want this repository to be a Redis repository, consider annotating your entities with one of these annotations: org.springframework.data.redis.core.RedisHash (preferred), or consider extending one of the following types with your repository: org.springframework.data.keyvalue.repository.KeyValueRepository.
2022-06-15 17:59:15,687 INFO org.springframework.data.repository.config.RepositoryConfigurationExtensionSupport [restartedMain] Spring Data Redis - Could not safely identify store assignment for repository candidate interface com.jst.rapidapp.repository.module.AttributeRepository. If you want this repository to be a Redis repository, consider annotating your entities with one of these annotations: org.springframework.data.redis.core.RedisHash (preferred), or consider extending one of the following types with your repository: org.springframework.data.keyvalue.repository.KeyValueRepository.
2022-06-15 17:59:15,687 INFO org.springframework.data.repository.config.RepositoryConfigurationExtensionSupport [restartedMain] Spring Data Redis - Could not safely identify store assignment for repository candidate interface com.jst.rapidapp.repository.module.ModuleRepository. If you want this repository to be a Redis repository, consider annotating your entities with one of these annotations: org.springframework.data.redis.core.RedisHash (preferred), or consider extending one of the following types with your repository: org.springframework.data.keyvalue.repository.KeyValueRepository.
2022-06-15 17:59:15,688 INFO org.springframework.data.repository.config.RepositoryConfigurationExtensionSupport [restartedMain] Spring Data Redis - Could not safely identify store assignment for repository candidate interface com.jst.rapidapp.repository.product.ProductRepository. If you want this repository to be a Redis repository, consider annotating your entities with one of these annotations: org.springframework.data.redis.core.RedisHash (preferred), or consider extending one of the following types with your repository: org.springframework.data.keyvalue.repository.KeyValueRepository.
2022-06-15 17:59:15,689 INFO org.springframework.data.repository.config.RepositoryConfigurationExtensionSupport [restartedMain] Spring Data Redis - Could not safely identify store assignment for repository candidate interface com.jst.rapidapp.repository.role.RoleRepository. If you want this repository to be a Redis repository, consider annotating your entities with one of these annotations: org.springframework.data.redis.core.RedisHash (preferred), or consider extending one of the following types with your repository: org.springframework.data.keyvalue.repository.KeyValueRepository.
2022-06-15 17:59:15,698 INFO org.springframework.data.repository.config.RepositoryConfigurationExtensionSupport [restartedMain] Spring Data Redis - Could not safely identify store assignment for repository candidate interface com.jst.rapidapp.repository.transaction.TransactionRepository. If you want this repository to be a Redis repository, consider annotating your entities with one of these annotations: org.springframework.data.redis.core.RedisHash (preferred), or consider extending one of the following types with your repository: org.springframework.data.keyvalue.repository.KeyValueRepository.
2022-06-15 17:59:15,699 INFO org.springframework.data.repository.config.RepositoryConfigurationExtensionSupport [restartedMain] Spring Data Redis - Could not safely identify store assignment for repository candidate interface com.jst.rapidapp.repository.user.UserRepository. If you want this repository to be a Redis repository, consider annotating your entities with one of these annotations: org.springframework.data.redis.core.RedisHash (preferred), or consider extending one of the following types with your repository: org.springframework.data.keyvalue.repository.KeyValueRepository.
2022-06-15 17:59:15,700 INFO org.springframework.data.repository.config.RepositoryConfigurationDelegate [restartedMain] Finished Spring Data repository scanning in 42 ms. Found 0 Redis repository interfaces.
2022-06-15 17:59:17,534 INFO org.springframework.boot.web.embedded.tomcat.TomcatWebServer [restartedMain] Tomcat initialized with port(s): 8082 (http)
2022-06-15 17:59:17,549 INFO org.apache.juli.logging.DirectJDKLog [restartedMain] Initializing ProtocolHandler ["http-nio-8082"]
2022-06-15 17:59:17,550 INFO org.apache.juli.logging.DirectJDKLog [restartedMain] Starting service [Tomcat]
2022-06-15 17:59:17,550 INFO org.apache.juli.logging.DirectJDKLog [restartedMain] Starting Servlet engine: [Apache Tomcat/9.0.55]
2022-06-15 17:59:17,712 INFO org.apache.juli.logging.DirectJDKLog [restartedMain] Initializing Spring embedded WebApplicationContext
2022-06-15 17:59:17,712 INFO org.springframework.boot.web.servlet.context.ServletWebServerApplicationContext [restartedMain] Root WebApplicationContext: initialization completed in 4516 ms
2022-06-15 17:59:17,998 DEBUG org.springframework.web.filter.GenericFilterBean [restartedMain] Filter 'jwtAuthenticationFilter' configured for use
2022-06-15 17:59:18,835 INFO org.hibernate.jpa.internal.util.LogHelper [restartedMain] HHH000204: Processing PersistenceUnitInfo [name: default]
2022-06-15 17:59:18,971 INFO org.hibernate.Version [restartedMain] HHH000412: Hibernate ORM core version 5.6.1.Final
2022-06-15 17:59:19,279 INFO org.hibernate.annotations.common.reflection.java.JavaReflectionManager [restartedMain] HCANN000001: Hibernate Commons Annotations {5.1.2.Final}
2022-06-15 17:59:19,480 INFO com.zaxxer.hikari.HikariDataSource [restartedMain] HikariPool-1 - Starting...
2022-06-15 17:59:20,021 INFO com.zaxxer.hikari.HikariDataSource [restartedMain] HikariPool-1 - Start completed.
2022-06-15 17:59:20,056 INFO org.hibernate.dialect.Dialect [restartedMain] HHH000400: Using dialect: org.hibernate.dialect.MySQL8Dialect
2022-06-15 17:59:20,408 INFO org.hibernate.id.enhanced.TableGenerator [restartedMain] HHH000398: Explicit segment value for id generator [hibernate_sequences.sequence_name] suggested; using default [default]
2022-06-15 17:59:20,416 INFO org.hibernate.id.enhanced.TableGenerator [restartedMain] HHH000398: Explicit segment value for id generator [hibernate_sequences.sequence_name] suggested; using default [default]
2022-06-15 17:59:20,417 INFO org.hibernate.id.enhanced.TableGenerator [restartedMain] HHH000398: Explicit segment value for id generator [hibernate_sequences.sequence_name] suggested; using default [default]
2022-06-15 17:59:20,417 INFO org.hibernate.id.enhanced.TableGenerator [restartedMain] HHH000398: Explicit segment value for id generator [hibernate_sequences.sequence_name] suggested; using default [default]
2022-06-15 17:59:20,418 INFO org.hibernate.id.enhanced.TableGenerator [restartedMain] HHH000398: Explicit segment value for id generator [hibernate_sequences.sequence_name] suggested; using default [default]
2022-06-15 17:59:20,418 INFO org.hibernate.id.enhanced.TableGenerator [restartedMain] HHH000398: Explicit segment value for id generator [hibernate_sequences.sequence_name] suggested; using default [default]
2022-06-15 17:59:20,419 INFO org.hibernate.id.enhanced.TableGenerator [restartedMain] HHH000398: Explicit segment value for id generator [hibernate_sequences.sequence_name] suggested; using default [default]
2022-06-15 17:59:20,428 INFO org.hibernate.id.enhanced.TableGenerator [restartedMain] HHH000398: Explicit segment value for id generator [hibernate_sequences.sequence_name] suggested; using default [default]
2022-06-15 17:59:20,429 INFO org.hibernate.id.enhanced.TableGenerator [restartedMain] HHH000398: Explicit segment value for id generator [hibernate_sequences.sequence_name] suggested; using default [default]
2022-06-15 17:59:20,671 INFO com.vladmihalcea.hibernate.type.util.Configuration [restartedMain] This framework is proudly powered by:

>>>>>>>>>>>>>>>>>>>>>>>>>>>>>>>>>>>>>>>>>>>>>>>>>>>>>>>>>>>>>>>>
 _    _                           _     _
| |  | |                         (_)   | |
| |__| |_   _ _ __   ___ _ __ ___ _ ___| |_ ___ _ __   ___ ___
|  __  | | | | '_ \ / _ \ '__/ __| / __| __/ _ \ '_ \ / __/ _ \
| |  | | |_| | |_) |  __/ |  \__ \ \__ \ ||  __/ | | | (_|  __/
|_|  |_|\__, | .__/ \___|_|  |___/_|___/\__\___|_| |_|\___\___|
         __/ | |
        |___/|_|

At Hypersistence, we only build amazing tools, like Hibernate Types, Flexy Pool, or Hypersistence Optimizer.

What if there were a tool that could automatically detect JPA and Hibernate performance issues?

Hypersistence Optimizer is that tool! For more details, go to: 

https://vladmihalcea.com/hypersistence-optimizer/
<<<<<<<<<<<<<<<<<<<<<<<<<<<<<<<<<<<<<<<<<<<<<<<<<<<<<<<<<<<<<<<<

2022-06-15 17:59:21,521 INFO org.hibernate.engine.transaction.jta.platform.internal.JtaPlatformInitiator [restartedMain] HHH000490: Using JtaPlatform implementation: [org.hibernate.engine.transaction.jta.platform.internal.NoJtaPlatform]
2022-06-15 17:59:21,534 INFO org.springframework.orm.jpa.AbstractEntityManagerFactoryBean [restartedMain] Initialized JPA EntityManagerFactory for persistence unit 'default'
2022-06-15 17:59:22,528 WARN org.springframework.boot.autoconfigure.orm.jpa.JpaBaseConfiguration$JpaWebConfiguration [restartedMain] spring.jpa.open-in-view is enabled by default. Therefore, database queries may be performed during view rendering. Explicitly configure spring.jpa.open-in-view to disable this warning
2022-06-15 17:59:23,879 INFO org.springframework.security.web.DefaultSecurityFilterChain [restartedMain] Will secure Ant [pattern='/v3/api-docs/**'] with []
2022-06-15 17:59:23,880 INFO org.springframework.security.web.DefaultSecurityFilterChain [restartedMain] Will secure Ant [pattern='/swagger-ui.html'] with []
2022-06-15 17:59:23,880 INFO org.springframework.security.web.DefaultSecurityFilterChain [restartedMain] Will secure Ant [pattern='/swagger-ui/**'] with []
2022-06-15 17:59:25,656 INFO org.springframework.boot.actuate.endpoint.web.EndpointLinksResolver [restartedMain] Exposing 1 endpoint(s) beneath base path '/actuator'
2022-06-15 17:59:25,704 INFO org.springframework.security.web.DefaultSecurityFilterChain [restartedMain] Will secure any request with [org.springframework.security.web.context.request.async.WebAsyncManagerIntegrationFilter@7d6397b6, org.springframework.security.web.context.SecurityContextPersistenceFilter@5335049f, org.springframework.security.web.header.HeaderWriterFilter@67fe046c, org.springframework.web.filter.CorsFilter@7ae5d9ab, org.springframework.security.web.authentication.logout.LogoutFilter@ffd62d5, com.jst.rapidapp.configurations.JwtAuthenticationFilter@159e7360, org.springframework.security.web.savedrequest.RequestCacheAwareFilter@27e32b43, org.springframework.security.web.servletapi.SecurityContextHolderAwareRequestFilter@4cb7e4e6, org.springframework.security.web.authentication.AnonymousAuthenticationFilter@5f30f3e3, org.springframework.security.web.session.SessionManagementFilter@b51eef8, org.springframework.security.web.access.ExceptionTranslationFilter@1c9d556, org.springframework.security.web.access.intercept.FilterSecurityInterceptor@3146fd15]
2022-06-15 17:59:27,341 INFO org.springframework.boot.devtools.autoconfigure.OptionalLiveReloadServer [restartedMain] LiveReload server is running on port 35729
2022-06-15 17:59:27,383 INFO org.apache.juli.logging.DirectJDKLog [restartedMain] Starting ProtocolHandler ["http-nio-8082"]
2022-06-15 17:59:27,425 INFO org.springframework.boot.web.embedded.tomcat.TomcatWebServer [restartedMain] Tomcat started on port(s): 8082 (http) with context path ''
2022-06-15 17:59:27,456 INFO org.springframework.boot.StartupInfoLogger [restartedMain] Started RapidappApplication in 15.012 seconds (JVM running for 16.093)
2022-06-15 17:59:30,472 INFO org.apache.juli.logging.DirectJDKLog [http-nio-8082-exec-1] Initializing Spring DispatcherServlet 'dispatcherServlet'
2022-06-15 17:59:30,473 INFO org.springframework.web.servlet.FrameworkServlet [http-nio-8082-exec-1] Initializing Servlet 'dispatcherServlet'
2022-06-15 17:59:30,475 INFO org.springframework.web.servlet.FrameworkServlet [http-nio-8082-exec-1] Completed initialization in 2 ms
2022-06-15 17:59:30,675 INFO com.jst.rapidapp.utils.aop.AOPUtility [http-nio-8082-exec-1] #ReqProcessStart =>ResponseEntity com.jst.rapidapp.controllers.item.ItemController.saveItemMaster(ItemMaster)#Params => [ItemMaster(itemId=0, itemClassId=222, productId=20, branchId=52, cost=0.0, sellingPrice=0.0, itemQty=0.0, onStock=0.0, shadowStockIn=0.5, shadowStockOut=0.1, status=CREATED, statusDate=null, createdBy=Sree, createdDate=null)]
2022-06-15 17:59:30,726 DEBUG org.hibernate.engine.jdbc.spi.SqlStatementLogger [http-nio-8082-exec-1] select tbl.next_val from hibernate_sequences tbl where tbl.sequence_name=? for update
2022-06-15 17:59:30,726 DEBUG org.hibernate.engine.jdbc.spi.SqlStatementLogger [http-nio-8082-exec-1] select tbl.next_val from hibernate_sequences tbl where tbl.sequence_name=? for update
2022-06-15 17:59:30,732 DEBUG org.hibernate.engine.jdbc.spi.SqlStatementLogger [http-nio-8082-exec-1] update hibernate_sequences set next_val=?  where next_val=? and sequence_name=?
2022-06-15 17:59:30,732 DEBUG org.hibernate.engine.jdbc.spi.SqlStatementLogger [http-nio-8082-exec-1] update hibernate_sequences set next_val=?  where next_val=? and sequence_name=?
2022-06-15 17:59:30,828 DEBUG org.hibernate.engine.jdbc.spi.SqlStatementLogger [http-nio-8082-exec-1] insert into item_master (branch_id, cost, created_by, created_date, item_class_id, item_qty, on_stock, product_id, selling_price, shadow_stock_in, shadow_stock_out, status, status_date, item_id) values (?, ?, ?, ?, ?, ?, ?, ?, ?, ?, ?, ?, ?, ?)
2022-06-15 17:59:30,828 DEBUG org.hibernate.engine.jdbc.spi.SqlStatementLogger [http-nio-8082-exec-1] insert into item_master (branch_id, cost, created_by, created_date, item_class_id, item_qty, on_stock, product_id, selling_price, shadow_stock_in, shadow_stock_out, status, status_date, item_id) values (?, ?, ?, ?, ?, ?, ?, ?, ?, ?, ?, ?, ?, ?)
2022-06-15 17:59:34,865 INFO com.jst.rapidapp.utils.aop.AOPUtility [http-nio-8082-exec-3] #ReqProcessStart =>ResponseEntity com.jst.rapidapp.controllers.item.ItemController.getItemMasterList()#Params => []
2022-06-15 17:59:34,889 DEBUG org.hibernate.engine.jdbc.spi.SqlStatementLogger [http-nio-8082-exec-3] select itemmaster0_.item_id as item_id1_1_, itemmaster0_.branch_id as branch_i2_1_, itemmaster0_.cost as cost3_1_, itemmaster0_.created_by as created_4_1_, itemmaster0_.created_date as created_5_1_, itemmaster0_.item_class_id as item_cla6_1_, itemmaster0_.item_qty as item_qty7_1_, itemmaster0_.on_stock as on_stock8_1_, itemmaster0_.product_id as product_9_1_, itemmaster0_.selling_price as selling10_1_, itemmaster0_.shadow_stock_in as shadow_11_1_, itemmaster0_.shadow_stock_out as shadow_12_1_, itemmaster0_.status as status13_1_, itemmaster0_.status_date as status_14_1_ from item_master itemmaster0_
2022-06-15 17:59:34,889 DEBUG org.hibernate.engine.jdbc.spi.SqlStatementLogger [http-nio-8082-exec-3] select itemmaster0_.item_id as item_id1_1_, itemmaster0_.branch_id as branch_i2_1_, itemmaster0_.cost as cost3_1_, itemmaster0_.created_by as created_4_1_, itemmaster0_.created_date as created_5_1_, itemmaster0_.item_class_id as item_cla6_1_, itemmaster0_.item_qty as item_qty7_1_, itemmaster0_.on_stock as on_stock8_1_, itemmaster0_.product_id as product_9_1_, itemmaster0_.selling_price as selling10_1_, itemmaster0_.shadow_stock_in as shadow_11_1_, itemmaster0_.shadow_stock_out as shadow_12_1_, itemmaster0_.status as status13_1_, itemmaster0_.status_date as status_14_1_ from item_master itemmaster0_
2022-06-15 17:59:40,302 INFO com.jst.rapidapp.utils.aop.AOPUtility [http-nio-8082-exec-4] #ReqProcessStart =>ResponseEntity com.jst.rapidapp.controllers.item.ItemController.getItemMasterById(long)#Params => [5]
2022-06-15 17:59:40,311 DEBUG org.hibernate.engine.jdbc.spi.SqlStatementLogger [http-nio-8082-exec-4] select itemmaster0_.item_id as item_id1_1_0_, itemmaster0_.branch_id as branch_i2_1_0_, itemmaster0_.cost as cost3_1_0_, itemmaster0_.created_by as created_4_1_0_, itemmaster0_.created_date as created_5_1_0_, itemmaster0_.item_class_id as item_cla6_1_0_, itemmaster0_.item_qty as item_qty7_1_0_, itemmaster0_.on_stock as on_stock8_1_0_, itemmaster0_.product_id as product_9_1_0_, itemmaster0_.selling_price as selling10_1_0_, itemmaster0_.shadow_stock_in as shadow_11_1_0_, itemmaster0_.shadow_stock_out as shadow_12_1_0_, itemmaster0_.status as status13_1_0_, itemmaster0_.status_date as status_14_1_0_ from item_master itemmaster0_ where itemmaster0_.item_id=?
2022-06-15 17:59:40,311 DEBUG org.hibernate.engine.jdbc.spi.SqlStatementLogger [http-nio-8082-exec-4] select itemmaster0_.item_id as item_id1_1_0_, itemmaster0_.branch_id as branch_i2_1_0_, itemmaster0_.cost as cost3_1_0_, itemmaster0_.created_by as created_4_1_0_, itemmaster0_.created_date as created_5_1_0_, itemmaster0_.item_class_id as item_cla6_1_0_, itemmaster0_.item_qty as item_qty7_1_0_, itemmaster0_.on_stock as on_stock8_1_0_, itemmaster0_.product_id as product_9_1_0_, itemmaster0_.selling_price as selling10_1_0_, itemmaster0_.shadow_stock_in as shadow_11_1_0_, itemmaster0_.shadow_stock_out as shadow_12_1_0_, itemmaster0_.status as status13_1_0_, itemmaster0_.status_date as status_14_1_0_ from item_master itemmaster0_ where itemmaster0_.item_id=?
2022-06-15 18:00:18,919 INFO com.jst.rapidapp.utils.aop.AOPUtility [http-nio-8082-exec-5] #ReqProcessStart =>ResponseEntity com.jst.rapidapp.controllers.item.ItemController.updateItemMasterByProductId(long,ItemMaster)#Params => [5, ItemMaster(itemId=5, itemClassId=111, productId=4555, branchId=52, cost=0.0, sellingPrice=0.0, itemQty=0.0, onStock=0.0, shadowStockIn=0.5, shadowStockOut=0.1, status=CREATED, statusDate=2022-06-15T17:54:05.225331, createdBy=Sree, createdDate=2022-06-15T17:54:05.223336)]
2022-06-15 18:00:18,922 DEBUG org.hibernate.engine.jdbc.spi.SqlStatementLogger [http-nio-8082-exec-5] select itemmaster0_.item_id as item_id1_1_0_, itemmaster0_.branch_id as branch_i2_1_0_, itemmaster0_.cost as cost3_1_0_, itemmaster0_.created_by as created_4_1_0_, itemmaster0_.created_date as created_5_1_0_, itemmaster0_.item_class_id as item_cla6_1_0_, itemmaster0_.item_qty as item_qty7_1_0_, itemmaster0_.on_stock as on_stock8_1_0_, itemmaster0_.product_id as product_9_1_0_, itemmaster0_.selling_price as selling10_1_0_, itemmaster0_.shadow_stock_in as shadow_11_1_0_, itemmaster0_.shadow_stock_out as shadow_12_1_0_, itemmaster0_.status as status13_1_0_, itemmaster0_.status_date as status_14_1_0_ from item_master itemmaster0_ where itemmaster0_.item_id=?
2022-06-15 18:00:18,922 DEBUG org.hibernate.engine.jdbc.spi.SqlStatementLogger [http-nio-8082-exec-5] select itemmaster0_.item_id as item_id1_1_0_, itemmaster0_.branch_id as branch_i2_1_0_, itemmaster0_.cost as cost3_1_0_, itemmaster0_.created_by as created_4_1_0_, itemmaster0_.created_date as created_5_1_0_, itemmaster0_.item_class_id as item_cla6_1_0_, itemmaster0_.item_qty as item_qty7_1_0_, itemmaster0_.on_stock as on_stock8_1_0_, itemmaster0_.product_id as product_9_1_0_, itemmaster0_.selling_price as selling10_1_0_, itemmaster0_.shadow_stock_in as shadow_11_1_0_, itemmaster0_.shadow_stock_out as shadow_12_1_0_, itemmaster0_.status as status13_1_0_, itemmaster0_.status_date as status_14_1_0_ from item_master itemmaster0_ where itemmaster0_.item_id=?
2022-06-15 18:00:18,930 DEBUG org.hibernate.engine.jdbc.spi.SqlStatementLogger [http-nio-8082-exec-5] update item_master set branch_id=?, cost=?, created_by=?, created_date=?, item_class_id=?, item_qty=?, on_stock=?, product_id=?, selling_price=?, shadow_stock_in=?, shadow_stock_out=?, status=?, status_date=? where item_id=?
2022-06-15 18:00:18,930 DEBUG org.hibernate.engine.jdbc.spi.SqlStatementLogger [http-nio-8082-exec-5] update item_master set branch_id=?, cost=?, created_by=?, created_date=?, item_class_id=?, item_qty=?, on_stock=?, product_id=?, selling_price=?, shadow_stock_in=?, shadow_stock_out=?, status=?, status_date=? where item_id=?
2022-06-15 18:00:23,278 INFO com.jst.rapidapp.utils.aop.AOPUtility [http-nio-8082-exec-6] #ReqProcessStart =>ResponseEntity com.jst.rapidapp.controllers.item.ItemController.getItemMasterList()#Params => []
2022-06-15 18:00:23,281 DEBUG org.hibernate.engine.jdbc.spi.SqlStatementLogger [http-nio-8082-exec-6] select itemmaster0_.item_id as item_id1_1_, itemmaster0_.branch_id as branch_i2_1_, itemmaster0_.cost as cost3_1_, itemmaster0_.created_by as created_4_1_, itemmaster0_.created_date as created_5_1_, itemmaster0_.item_class_id as item_cla6_1_, itemmaster0_.item_qty as item_qty7_1_, itemmaster0_.on_stock as on_stock8_1_, itemmaster0_.product_id as product_9_1_, itemmaster0_.selling_price as selling10_1_, itemmaster0_.shadow_stock_in as shadow_11_1_, itemmaster0_.shadow_stock_out as shadow_12_1_, itemmaster0_.status as status13_1_, itemmaster0_.status_date as status_14_1_ from item_master itemmaster0_
2022-06-15 18:00:23,281 DEBUG org.hibernate.engine.jdbc.spi.SqlStatementLogger [http-nio-8082-exec-6] select itemmaster0_.item_id as item_id1_1_, itemmaster0_.branch_id as branch_i2_1_, itemmaster0_.cost as cost3_1_, itemmaster0_.created_by as created_4_1_, itemmaster0_.created_date as created_5_1_, itemmaster0_.item_class_id as item_cla6_1_, itemmaster0_.item_qty as item_qty7_1_, itemmaster0_.on_stock as on_stock8_1_, itemmaster0_.product_id as product_9_1_, itemmaster0_.selling_price as selling10_1_, itemmaster0_.shadow_stock_in as shadow_11_1_, itemmaster0_.shadow_stock_out as shadow_12_1_, itemmaster0_.status as status13_1_, itemmaster0_.status_date as status_14_1_ from item_master itemmaster0_
